2020-12-27 12:06:03,230 INFO  [main] Login page open
2020-12-27 12:06:04,937 INFO  [main] Login performed
2020-12-27 12:06:31,935 INFO  [main] Login page open
2020-12-27 12:06:33,546 INFO  [main] Login performed
2020-12-27 12:06:37,824 INFO  [main] Created repository with name: [testRepo_S2HIEU[ and description: [auto-generated test repo]
2020-12-27 12:06:44,792 INFO  [main] Login page open
2020-12-27 12:06:46,466 INFO  [main] Login performed
2020-12-27 12:06:50,556 INFO  [main] Created repository with name: [testRepo_KU7SNQ[ and description: [auto-generated test repo]
2020-12-27 12:06:50,577 INFO  [main] The repository is empty
2020-12-27 12:18:26,311 INFO  [main] Login page open
2020-12-27 12:18:28,538 INFO  [main] Login performed
2020-12-27 12:18:35,636 INFO  [main] Login page open
2020-12-27 12:18:37,188 INFO  [main] Login performed
2020-12-27 12:18:41,345 INFO  [main] Created repository with name: [testRepo_1DCVPD[ and description: [auto-generated test repo]
2020-12-27 12:18:48,384 INFO  [main] Login page open
2020-12-27 12:18:49,985 INFO  [main] Login performed
2020-12-28 18:56:52,228 INFO  [main] Login page open
2020-12-28 18:56:54,069 INFO  [main] Login performed
2020-12-28 18:57:01,091 INFO  [main] Login page open
2020-12-28 18:57:03,009 INFO  [main] Login performed
2020-12-28 18:57:07,415 INFO  [main] Created repository with name: [testRepo_99V1IW[ and description: [auto-generated test repo]
2020-12-28 18:57:14,335 INFO  [main] Login page open
2020-12-28 18:57:15,906 INFO  [main] Login performed
2020-12-28 18:57:20,318 INFO  [main] Created repository with name: [testRepo_K788TA[ and description: [auto-generated test repo]
2020-12-28 18:57:20,346 INFO  [main] The repository is empty
2020-12-28 20:52:44,664 INFO  [main] Login page open
2020-12-28 20:52:47,637 INFO  [main] Login performed
2020-12-28 20:52:54,752 INFO  [main] Login page open
2020-12-28 20:52:56,383 INFO  [main] Login performed
2020-12-28 20:53:00,662 INFO  [main] Created repository with name: [testRepo_S5D2LD[ and description: [auto-generated test repo]
2020-12-28 20:53:07,613 INFO  [main] Login page open
2020-12-28 20:53:09,203 INFO  [main] Login performed
2020-12-28 20:53:13,570 INFO  [main] Created repository with name: [testRepo_U7URRN[ and description: [auto-generated test repo]
2020-12-28 20:53:13,601 INFO  [main] The repository is empty
2020-12-28 20:59:29,680 INFO  [main] Login page open
2020-12-28 20:59:31,424 INFO  [main] Login performed
2020-12-28 21:00:01,908 INFO  [main] Login page open
2020-12-28 21:00:03,531 INFO  [main] Login performed
2020-12-28 21:00:14,800 INFO  [main] Login page open
2020-12-28 21:00:16,505 INFO  [main] Login performed
2020-12-28 21:00:20,885 INFO  [main] Created repository with name: [testRepo_5M7G41[ and description: [auto-generated test repo]
2020-12-28 21:00:20,912 INFO  [main] The repository is empty
2020-12-28 21:01:17,006 INFO  [main] Login page open
2020-12-28 21:01:19,422 INFO  [main] Login performed
2020-12-28 21:01:32,165 INFO  [main] Login page open
2020-12-28 21:01:34,347 INFO  [main] Login performed
2020-12-28 21:01:39,888 INFO  [main] Created repository with name: [testRepo_ZKJ47H[ and description: [auto-generated test repo]
2020-12-28 21:01:39,916 INFO  [main] The repository is empty
2021-01-01 18:45:13,901 INFO  [main] Login page open
2021-01-01 18:45:15,645 INFO  [main] Login performed
2021-01-01 18:45:41,725 INFO  [main] Login page open
2021-01-01 18:45:43,353 INFO  [main] Login performed
2021-01-01 18:45:48,051 INFO  [main] Created repository with name: [testRepo_8WIKQZ[ and description: [auto-generated test repo]
2021-01-01 18:45:59,496 INFO  [main] Login page open
2021-01-01 18:46:44,376 INFO  [main] Login page open
2021-01-01 18:46:45,948 INFO  [main] Login performed
2021-01-01 18:46:50,056 INFO  [main] Created repository with name: [testRepo_5WSO8Q[ and description: [auto-generated test repo]
2021-01-01 18:47:18,950 INFO  [main] Login page open
2021-01-01 18:47:20,520 INFO  [main] Login performed
2021-01-01 18:47:27,503 INFO  [main] Login page open
2021-01-01 18:47:29,178 INFO  [main] Login performed
2021-01-01 18:47:33,418 INFO  [main] Created repository with name: [testRepo_7VX516[ and description: [auto-generated test repo]
2021-01-01 18:47:34,586 INFO  [main] Login page open
2021-01-01 20:23:45,606 INFO  [main] Login page open
2021-01-01 20:23:47,345 INFO  [main] Login performed
2021-01-01 20:23:51,818 INFO  [main] Created repository with name: [testRepo_E1KJHF[ and description: [auto-generated test repo]
2021-01-01 20:23:52,710 INFO  [main] Login page open
2021-01-01 20:25:08,632 INFO  [main] Login page open
2021-01-01 20:25:10,210 INFO  [main] Login performed
2021-01-01 20:25:14,555 INFO  [main] Created repository with name: [testRepo_5Y5HTI[ and description: [auto-generated test repo]
2021-01-01 20:25:21,492 INFO  [main] Login page open
2021-01-01 20:25:23,004 INFO  [main] Login performed
2021-01-01 20:25:27,318 INFO  [main] Created repository with name: [testRepo_EC5PDH[ and description: [auto-generated test repo]
2021-01-01 20:25:27,353 INFO  [main] The repository is empty
2021-01-01 20:26:44,647 INFO  [main] Login page open
2021-01-01 20:26:46,588 INFO  [main] Login performed
2021-01-01 20:27:07,296 INFO  [main] Login page open
2021-01-01 20:27:08,962 INFO  [main] Login performed
2021-01-01 20:27:13,298 INFO  [main] Created repository with name: [testRepo_I1S3KZ[ and description: [auto-generated test repo]
2021-01-01 20:42:07,941 INFO  [main] Login page open
2021-01-01 20:42:09,655 INFO  [main] Login performed
2021-01-01 20:42:14,190 INFO  [main] Created repository with name: [testRepo_IYV759[ and description: [auto-generated test repo]
2021-01-01 20:42:14,216 INFO  [main] The repository is empty
2021-01-01 20:48:51,943 INFO  [main] Login page open
2021-01-01 20:48:53,571 INFO  [main] Login performed
2021-01-01 20:48:57,962 INFO  [main] Created repository with name: [testRepo_NPWD4E[ and description: [auto-generated test repo]
2021-01-01 20:48:57,988 INFO  [main] The repository is empty
